[    0.000000] Initializing cgroup subsys cpuset
[    0.000000] Initializing cgroup subsys cpu
[    0.000000] Initializing cgroup subsys cpuacct
[    0.000000] Linux version 4.4.0-186-generic (buildd@lcy01-amd64-002) (gcc version 5.4.0 20160609 (Ubuntu 5.4.0-6ubuntu1~16.04.12) ) #216-Ubuntu SMP Wed Jul 1 05:34:05 UTC 2020 (Ubuntu 4.4.0-186.216-generic 4.4.228)
[    0.000000] Command line: BOOT_IMAGE=/boot/vmlinuz-4.4.0-186-generic root=LABEL=cloudimg-rootfs ro console=tty1 console=ttyS0
[    0.000000] KERNEL supported cpus:
[    0.000000]   Intel GenuineIntel
[    0.000000]   AMD AuthenticAMD
[    0.000000]   Centaur CentaurHauls
[    0.000000] x86/fpu: xstate_offset[2]:  576, xstate_sizes[2]:  256
[    0.000000] x86/fpu: Supporting XSAVE feature 0x01: 'x87 floating point registers'
[    0.000000] x86/fpu: Supporting XSAVE feature 0x02: 'SSE registers'
[    0.000000] x86/fpu: Supporting XSAVE feature 0x04: 'AVX registers'
[    0.000000] x86/fpu: Enabled xstate features 0x7, context size is 832 bytes, using 'standard' format.
[    0.000000] e820: BIOS-provided physical RAM map:
[    0.000000] BIOS-e820: [mem 0x0000000000000000-0x000000000009fbff] usable
[    0.000000] BIOS-e820: [mem 0x000000000009fc00-0x000000000009ffff] reserved
[    0.000000] BIOS-e820: [mem 0x00000000000f0000-0x00000000000fffff] reserved
[    0.000000] BIOS-e820: [mem 0x0000000000100000-0x000000003ffeffff] usable
[    0.000000] BIOS-e820: [mem 0x000000003fff0000-0x000000003fffffff] ACPI data
[    0.000000] BIOS-e820: [mem 0x00000000fec00000-0x00000000fec00fff] reserved
[    0.000000] BIOS-e820: [mem 0x00000000fee00000-0x00000000fee00fff] reserved
[    0.000000] BIOS-e820: [mem 0x00000000fffc0000-0x00000000ffffffff] reserved
[    0.000000] NX (Execute Disable) protection: active
[    0.000000] SMBIOS 2.5 present.
[    0.000000] Hypervisor detected: KVM
[    0.000000] e820: last_pfn = 0x3fff0 max_arch_pfn = 0x400000000
[    0.000000] MTRR: Disabled
[    0.000000] x86/PAT: MTRRs disabled, skipping PAT initialization too.
[    0.000000] CPU MTRRs all blank - virtualized system.
[    0.000000] x86/PAT: Configuration [0-7]: WB  WT  UC- UC  WB  WT  UC- UC  
[    0.000000] found SMP MP-table at [mem 0x0009fff0-0x0009ffff] mapped at [ffff88000009fff0]
[    0.000000] Scanning 1 areas for low memory corruption
[    0.000000] RAMDISK: [mem 0x362e0000-0x37167fff]
[    0.000000] ACPI: Early table checksum verification disabled
[    0.000000] ACPI: RSDP 0x00000000000E0000 000024 (v02 VBOX  )
[    0.000000] ACPI: XSDT 0x000000003FFF0030 00003C (v01 VBOX   VBOXXSDT 00000001 ASL  00000061)
[    0.000000] ACPI: FACP 0x000000003FFF00F0 0000F4 (v04 VBOX   VBOXFACP 00000001 ASL  00000061)
[    0.000000] ACPI: DSDT 0x000000003FFF0470 0022EA (v02 VBOX   VBOXBIOS 00000002 INTL 20100528)
[    0.000000] ACPI: FACS 0x000000003FFF0200 000040
[    0.000000] ACPI: FACS 0x000000003FFF0200 000040
[    0.000000] ACPI: APIC 0x000000003FFF0240 00005C (v02 VBOX   VBOXAPIC 00000001 ASL  00000061)
[    0.000000] ACPI: SSDT 0x000000003FFF02A0 0001CC (v01 VBOX   VBOXCPUT 00000002 INTL 20100528)
[    0.000000] No NUMA configuration found
[    0.000000] Faking a node at [mem 0x0000000000000000-0x000000003ffeffff]
[    0.000000] NODE_DATA(0) allocated [mem 0x3ffeb000-0x3ffeffff]
[    0.000000] kvm-clock: Using msrs 4b564d01 and 4b564d00
[    0.000000] kvm-clock: cpu 0, msr 0:3ffe3001, primary cpu clock
[    0.000000] kvm-clock: using sched offset of 3887233019 cycles
[    0.000000] clocksource: kvm-clock: mask: 0xffffffffffffffff max_cycles: 0x1cd42e4dffb, max_idle_ns: 881590591483 ns
[    0.000000] Zone ranges:
[    0.000000]   DMA      [mem 0x0000000000001000-0x0000000000ffffff]
[    0.000000]   DMA32    [mem 0x0000000001000000-0x000000003ffeffff]
[    0.000000]   Normal   empty
[    0.000000]   Device   empty
[    0.000000] Movable zone start for each node
[    0.000000] Early memory node ranges
[    0.000000]   node   0: [mem 0x0000000000001000-0x000000000009efff]
[    0.000000]   node   0: [mem 0x0000000000100000-0x000000003ffeffff]
[    0.000000] Initmem setup node 0 [mem 0x0000000000001000-0x000000003ffeffff]
[    0.000000] ACPI: PM-Timer IO Port: 0x4008
[    0.000000] IOAPIC[0]: apic_id 2, version 32, address 0xfec00000, GSI 0-23
[    0.000000] ACPI: INT_SRC_OVR (bus 0 bus_irq 0 global_irq 2 dfl dfl)
[    0.000000] ACPI: INT_SRC_OVR (bus 0 bus_irq 9 global_irq 9 low level)
[    0.000000] Using ACPI (MADT) for SMP configuration information
[    0.000000] smpboot: Allowing 2 CPUs, 0 hotplug CPUs
[    0.000000] PM: Registered nosave memory: [mem 0x00000000-0x00000fff]
[    0.000000] PM: Registered nosave memory: [mem 0x0009f000-0x0009ffff]
[    0.000000] PM: Registered nosave memory: [mem 0x000a0000-0x000effff]
[    0.000000] PM: Registered nosave memory: [mem 0x000f0000-0x000fffff]
[    0.000000] e820: [mem 0x40000000-0xfebfffff] available for PCI devices
[    0.000000] Booting paravirtualized kernel on KVM
[    0.000000] clocksource: refined-jiffies: mask: 0xffffffff max_cycles: 0xffffffff, max_idle_ns: 7645519600211568 ns
[    0.000000] setup_percpu: NR_CPUS:512 nr_cpumask_bits:512 nr_cpu_ids:2 nr_node_ids:1
[    0.000000] PERCPU: Embedded 33 pages/cpu @ffff88003fc00000 s95512 r8192 d31464 u1048576
[    0.000000] Built 1 zonelists in Node order, mobility grouping on.  Total pages: 257912
[    0.000000] Policy zone: DMA32
[    0.000000] Kernel command line: BOOT_IMAGE=/boot/vmlinuz-4.4.0-186-generic root=LABEL=cloudimg-rootfs ro console=tty1 console=ttyS0
[    0.000000] PID hash table entries: 4096 (order: 3, 32768 bytes)
[    0.000000] Memory: 997664K/1048120K available (8636K kernel code, 1337K rwdata, 4040K rodata, 1492K init, 1296K bss, 50456K reserved, 0K cma-reserved)
[    0.000000] SLUB: HWalign=64, Order=0-3, MinObjects=0, CPUs=2, Nodes=1
[    0.000000] Kernel/User page tables isolation: enabled
[    0.000000] Hierarchical RCU implementation.
[    0.000000] 	Build-time adjustment of leaf fanout to 64.
[    0.000000] 	RCU restricting CPUs from NR_CPUS=512 to nr_cpu_ids=2.
[    0.000000] RCU: Adjusting geometry for rcu_fanout_leaf=64, nr_cpu_ids=2
[    0.000000] NR_IRQS:33024 nr_irqs:440 16
[    0.000000] Console: colour VGA+ 80x25
[    0.000000] console [tty1] enabled
[    0.000000] console [ttyS0] enabled
[    0.000000] tsc: Detected 1991.999 MHz processor
[    0.196163] Calibrating delay loop (skipped) preset value.. 3983.99 BogoMIPS (lpj=7967996)
[    0.198470] pid_max: default: 32768 minimum: 301
[    0.199723] ACPI: Core revision 20150930
[    0.201665] ACPI: 2 ACPI AML tables successfully acquired and loaded
[    0.203393] Security Framework initialized
[    0.204516] Yama: becoming mindful.
[    0.205800] AppArmor: AppArmor initialized
[    0.207059] Dentry cache hash table entries: 131072 (order: 8, 1048576 bytes)
[    0.211128] Inode-cache hash table entries: 65536 (order: 7, 524288 bytes)
[    0.213077] Mount-cache hash table entries: 2048 (order: 2, 16384 bytes)
[    0.214789] Mountpoint-cache hash table entries: 2048 (order: 2, 16384 bytes)
[    0.216676] Initializing cgroup subsys io
[    0.217862] Initializing cgroup subsys memory
[    0.219040] Initializing cgroup subsys devices
[    0.220206] Initializing cgroup subsys freezer
[    0.221367] Initializing cgroup subsys net_cls
[    0.222558] Initializing cgroup subsys perf_event
[    0.223807] Initializing cgroup subsys net_prio
[    0.225021] Initializing cgroup subsys hugetlb
[    0.226302] Initializing cgroup subsys pids
[    0.229699] mce: CPU supports 0 MCE banks
[    0.231123] Last level iTLB entries: 4KB 64, 2MB 8, 4MB 8
[    0.232483] Last level dTLB entries: 4KB 64, 2MB 0, 4MB 0, 1GB 4
[    0.234033] Spectre V1 : Mitigation: usercopy/swapgs barriers and __user pointer sanitization
[    0.237102] Spectre V2 : Mitigation: Full generic retpoline
[    0.238578] Spectre V2 : Spectre v2 / SpectreRSB mitigation: Filling RSB on context switch
[    0.240888] Speculative Store Bypass: Vulnerable
[    0.242100] SRBDS: Unknown: Dependent on hypervisor status
[    0.243649] MDS: Mitigation: Clear CPU buffers
[    0.247774] Freeing SMP alternatives memory: 36K
[    0.256292] ftrace: allocating 32334 entries in 127 pages
[    0.323717] smpboot: APIC(0) Converting physical 0 to logical package 0
[    0.326036] smpboot: Max logical packages: 1
[    0.327495] x2apic enabled
[    0.328545] Switched APIC routing to physical x2apic.
[    0.331021] ..TIMER: vector=0x30 apic1=0 pin1=2 apic2=-1 pin2=-1
[    0.440647] smpboot: CPU0: Intel(R) Core(TM) i5-6360U CPU @ 2.00GHz (family: 0x6, model: 0x4e, stepping: 0x3)
[    0.444461] Performance Events: unsupported p6 CPU model 78 no PMU driver, software events only.
[    0.458365] KVM setup paravirtual spinlock
[    0.460875] x86: Booting SMP configuration:
[    0.462773] .... node  #0, CPUs:      #1
[    0.464322] kvm-clock: cpu 1, msr 0:3ffe3041, secondary cpu clock
[    0.467676] mce: CPU supports 0 MCE banks
[    0.470790] x86: Booted up 1 node, 2 CPUs
[    0.472662] smpboot: Total of 2 processors activated (7967.99 BogoMIPS)
[    0.474711] devtmpfs: initialized
[    0.477850] evm: security.selinux
[    0.478801] evm: security.SMACK64
[    0.479775] evm: security.SMACK64EXEC
[    0.480792] evm: security.SMACK64TRANSMUTE
[    0.481888] evm: security.SMACK64MMAP
[    0.482894] evm: security.ima
[    0.483947] evm: security.capability
[    0.485695] clocksource: jiffies: mask: 0xffffffff max_cycles: 0xffffffff, max_idle_ns: 7645041785100000 ns
[    0.488327] futex hash table entries: 512 (order: 3, 32768 bytes)
[    0.490002] pinctrl core: initialized pinctrl subsystem
[    0.491471] RTC time:  4:50:24, date: 08/10/20
[    0.492837] NET: Registered protocol family 16
[    0.505841] cpuidle: using governor ladder
[    0.517583] cpuidle: using governor menu
[    0.519305] PCCT header not found.
[    0.520405] ACPI: bus type PCI registered
[    0.521491] acpiphp: ACPI Hot Plug PCI Controller Driver version: 0.5
[    0.523303] PCI: Using configuration type 1 for base access
[    0.538509] ACPI: Added _OSI(Module Device)
[    0.540159] ACPI: Added _OSI(Processor Device)
[    0.541392] ACPI: Added _OSI(3.0 _SCP Extensions)
[    0.542656] ACPI: Added _OSI(Processor Aggregator Device)
[    0.544940] ACPI: Executed 1 blocks of module-level executable AML code
[    0.548825] ACPI: Interpreter enabled
[    0.549850] ACPI: (supports S0 S5)
[    0.550804] ACPI: Using IOAPIC for interrupt routing
[    0.552269] PCI: Using host bridge windows from ACPI; if necessary, use "pci=nocrs" and report a bug
[    0.559495] ACPI: PCI Root Bridge [PCI0] (domain 0000 [bus 00-ff])
[    0.561576] acpi PNP0A03:00: _OSC: OS supports [ASPM ClockPM Segments MSI]
[    0.563560] acpi PNP0A03:00: _OSC: not requesting OS control; OS requires [ExtendedConfig ASPM ClockPM MSI]
[    0.566122] acpi PNP0A03:00: fail to add MMCONFIG information, can't access extended PCI configuration space under this bridge.
[    0.570057] PCI host bridge to bus 0000:00
[    0.571203] pci_bus 0000:00: root bus resource [io  0x0000-0x0cf7 window]
[    0.572882] pci_bus 0000:00: root bus resource [io  0x0d00-0xffff window]
[    0.574537] pci_bus 0000:00: root bus resource [mem 0x000a0000-0x000bffff window]
[    0.576690] pci_bus 0000:00: root bus resource [mem 0x40000000-0xfdffffff window]
[    0.578999] pci_bus 0000:00: root bus resource [bus 00-ff]
[    0.583462] pci 0000:00:01.1: legacy IDE quirk: reg 0x10: [io  0x01f0-0x01f7]
[    0.585304] pci 0000:00:01.1: legacy IDE quirk: reg 0x14: [io  0x03f6]
[    0.586901] pci 0000:00:01.1: legacy IDE quirk: reg 0x18: [io  0x0170-0x0177]
[    0.598407] pci 0000:00:01.1: legacy IDE quirk: reg 0x1c: [io  0x0376]
[    0.616475] pci 0000:00:07.0: quirk: [io  0x4000-0x403f] claimed by PIIX4 ACPI
[    0.619012] pci 0000:00:07.0: quirk: [io  0x4100-0x410f] claimed by PIIX4 SMB
[    0.631464] ACPI: PCI Interrupt Link [LNKA] (IRQs 5 9 10 *11)
[    0.633923] ACPI: PCI Interrupt Link [LNKB] (IRQs 5 9 *10 11)
[    0.635886] ACPI: PCI Interrupt Link [LNKC] (IRQs 5 *9 10 11)
[    0.638217] ACPI: PCI Interrupt Link [LNKD] (IRQs 5 9 10 *11)
[    0.640403] ACPI: Enabled 2 GPEs in block 00 to 07
[    0.642331] vgaarb: setting as boot device: PCI:0000:00:02.0
[    0.644096] vgaarb: device added: PCI:0000:00:02.0,decodes=io+mem,owns=io+mem,locks=none
[    0.646287] vgaarb: loaded
[    0.647628] vgaarb: bridge control possible 0000:00:02.0
[    0.649634] SCSI subsystem initialized
[    0.650797] ACPI: bus type USB registered
[    0.651922] usbcore: registered new interface driver usbfs
[    0.653351] usbcore: registered new interface driver hub
[    0.654731] usbcore: registered new device driver usb
[    0.656239] PCI: Using ACPI for IRQ routing
[    0.657861] NetLabel: Initializing
[    0.659330] NetLabel:  domain hash size = 128
[    0.660508] NetLabel:  protocols = UNLABELED CIPSOv4
[    0.664000] NetLabel:  unlabeled traffic allowed by default
[    0.665767] amd_nb: Cannot enumerate AMD northbridges
[    0.667589] clocksource: Switched to clocksource kvm-clock
[    0.678623] AppArmor: AppArmor Filesystem Enabled
[    0.680394] pnp: PnP ACPI init
[    0.682497] pnp: PnP ACPI: found 3 devices
[    0.693522] clocksource: acpi_pm: mask: 0xffffff max_cycles: 0xffffff, max_idle_ns: 2085701024 ns
[    0.696429] NET: Registered protocol family 2
[    0.697737] TCP established hash table entries: 8192 (order: 4, 65536 bytes)
[    0.700040] TCP bind hash table entries: 8192 (order: 5, 131072 bytes)
[    0.701648] TCP: Hash tables configured (established 8192 bind 8192)
[    0.703225] UDP hash table entries: 512 (order: 2, 16384 bytes)
[    0.704747] UDP-Lite hash table entries: 512 (order: 2, 16384 bytes)
[    0.706363] NET: Registered protocol family 1
[    0.707807] pci 0000:00:00.0: Limiting direct PCI/PCI transfers
[    0.709679] pci 0000:00:01.0: Activating ISA DMA hang workarounds
[    0.711373] Unpacking initramfs...
[    1.014159] Freeing initrd memory: 14880K
[    1.015932] clocksource: tsc: mask: 0xffffffffffffffff max_cycles: 0x396d4ffc055, max_idle_ns: 881590662783 ns
[    1.018558] platform rtc_cmos: registered platform RTC device (no PNP device found)
[    1.020787] Scanning for low memory corruption every 60 seconds
[    1.022640] audit: initializing netlink subsys (disabled)
[    1.024519] audit: type=2000 audit(1597035029.651:1): initialized
[    1.026347] Initialise system trusted keyring
[    1.028229] HugeTLB registered 2 MB page size, pre-allocated 0 pages
[    1.031004] zbud: loaded
[    1.032191] VFS: Disk quotas dquot_6.6.0
[    1.033282] VFS: Dquot-cache hash table entries: 512 (order 0, 4096 bytes)
[    1.035185] squashfs: version 4.0 (2009/01/31) Phillip Lougher
[    1.037015] fuse init (API version 7.23)
[    1.038686] Key type big_key registered
[    1.039801] Allocating IMA MOK and blacklist keyrings.
[    1.042521] Key type asymmetric registered
[    1.043728] Asymmetric key parser 'x509' registered
[    1.045053] Block layer SCSI generic (bsg) driver version 0.4 loaded (major 249)
[    1.047251] io scheduler noop registered
[    1.048941] io scheduler deadline registered (default)
[    1.050369] io scheduler cfq registered
[    1.051504] pci_hotplug: PCI Hot Plug PCI Core version: 0.5
[    1.053003] pciehp: PCI Express Hot Plug Controller Driver version: 0.4
[    1.054998] ACPI: AC Adapter [AC] (on-line)
[    1.056684] input: Power Button as /devices/LNXSYSTM:00/LNXPWRBN:00/input/input0
[    1.058730] ACPI: Power Button [PWRF]
[    1.061367] input: Sleep Button as /devices/LNXSYSTM:00/LNXSLPBN:00/input/input1
[    1.063492] ACPI: Sleep Button [SLPF]
[    1.066630] ACPI: Battery Slot [BAT0] (battery present)
[    1.068200] GHES: HEST is not enabled!
[    1.069390] Serial: 8250/16550 driver, 32 ports, IRQ sharing enabled
[    1.091724] 00:02: ttyS0 at I/O 0x3f8 (irq = 4, base_baud = 115200) is a 16550A
[    1.095351] Linux agpgart interface v0.103
[    1.098246] loop: module loaded
[    1.100216] scsi host0: ata_piix
[    1.101492] scsi host1: ata_piix
[    1.102453] ata1: PATA max UDMA/33 cmd 0x1f0 ctl 0x3f6 bmdma 0xd000 irq 14
[    1.104151] ata2: PATA max UDMA/33 cmd 0x170 ctl 0x376 bmdma 0xd008 irq 15
[    1.105958] libphy: Fixed MDIO Bus: probed
[    1.107937] tun: Universal TUN/TAP device driver, 1.6
[    1.109411] tun: (C) 1999-2004 Max Krasnyansky <maxk@qualcomm.com>
[    1.110975] PPP generic driver version 2.4.2
[    1.112217] ehci_hcd: USB 2.0 'Enhanced' Host Controller (EHCI) Driver
[    1.113815] ehci-pci: EHCI PCI platform driver
[    1.114990] ehci-platform: EHCI generic platform driver
[    1.116518] ohci_hcd: USB 1.1 'Open' Host Controller (OHCI) Driver
[    1.118565] ohci-pci: OHCI PCI platform driver
[    1.119742] ohci-platform: OHCI generic platform driver
[    1.121123] uhci_hcd: USB Universal Host Controller Interface driver
[    1.122745] i8042: PNP: PS/2 Controller [PNP0303:PS2K,PNP0f03:PS2M] at 0x60,0x64 irq 1,12
[    1.125400] serio: i8042 KBD port at 0x60,0x64 irq 1
[    1.126703] serio: i8042 AUX port at 0x60,0x64 irq 12
[    1.128303] mousedev: PS/2 mouse device common for all mice
[    1.130759] rtc_cmos rtc_cmos: rtc core: registered rtc_cmos as rtc0
[    1.132518] input: AT Translated Set 2 keyboard as /devices/platform/i8042/serio0/input/input2
[    1.134789] rtc_cmos rtc_cmos: alarms up to one day, 114 bytes nvram
[    1.136487] i2c /dev entries driver
[    1.137556] device-mapper: uevent: version 1.0.3
[    1.138817] device-mapper: ioctl: 4.34.0-ioctl (2015-10-28) initialised: dm-devel@redhat.com
[    1.141063] ledtrig-cpu: registered to indicate activity on CPUs
[    1.143120] NET: Registered protocol family 10
[    1.145087] NET: Registered protocol family 17
[    1.146274] Key type dns_resolver registered
[    1.147806] registered taskstats version 1
[    1.149015] Loading compiled-in X.509 certificates
[    1.151280] Loaded X.509 cert 'Build time autogenerated kernel key: cef5e81496c0efa51b848ab539e845ddf31c08be'
[    1.154217] zswap: loaded using pool lzo/zbud
[    1.158636] Key type trusted registered
[    1.164656] Key type encrypted registered
[    1.165965] AppArmor: AppArmor sha1 policy hashing enabled
[    1.167618] ima: No TPM chip found, activating TPM-bypass!
[    1.169496] ima: Allocated hash algorithm: sha1
[    1.170898] evm: HMAC attrs: 0x1
[    1.176684]   Magic number: 0:971:817
[    1.178753] rtc_cmos rtc_cmos: setting system clock to 2020-08-10 04:50:25 UTC (1597035025)
[    1.217144] BIOS EDD facility v0.16 2004-Jun-25, 0 devices found
[    1.230036] EDD information not available.
[    1.267589] Freeing unused kernel memory: 1492K
[    1.270986] Write protecting the kernel read-only data: 14336k
[    1.273776] Freeing unused kernel memory: 1592K
[    1.276005] Freeing unused kernel memory: 56K
Loading, please wait...
starting version 229
[    1.302056] random: systemd-udevd: uninitialized urandom read (16 bytes read, 3 bits of entropy available)
[    1.302831] random: udevadm: uninitialized urandom read (16 bytes read, 3 bits of entropy available)
[    1.302853] random: udevadm: uninitialized urandom read (16 bytes read, 3 bits of entropy available)
[    1.311939] random: udevadm: uninitialized urandom read (16 bytes read, 3 bits of entropy available)
[    1.311986] random: udevadm: uninitialized urandom read (16 bytes read, 3 bits of entropy available)
[    1.312125] random: udevadm: uninitialized urandom read (16 bytes read, 3 bits of entropy available)
[    1.312176] random: udevadm: uninitialized urandom read (16 bytes read, 3 bits of entropy available)
[    1.312226] random: udevadm: uninitialized urandom read (16 bytes read, 3 bits of entropy available)
[    1.312278] random: udevadm: uninitialized urandom read (16 bytes read, 3 bits of entropy available)
[    1.312327] random: udevadm: uninitialized urandom read (16 bytes read, 3 bits of entropy available)
[    1.376206] e1000: Intel(R) PRO/1000 Network Driver - version 7.3.21-k8-NAPI
[    1.379655] e1000: Copyright (c) 1999-2006 Intel Corporation.
[    1.385664] Fusion MPT base driver 3.04.20
[    1.391352] Copyright (c) 1999-2008 LSI Corporation
[    1.410555] AVX2 version of gcm_enc/dec engaged.
[    1.412282] AES CTR mode by8 optimization enabled
[    1.419983] Fusion MPT SPI Host driver 3.04.20
[    1.597126] input: ImExPS/2 Generic Explorer Mouse as /devices/platform/i8042/serio1/input/input4
[    1.806001] e1000 0000:00:03.0 eth0: (PCI:33MHz:32-bit) 02:7c:b9:63:ef:0c
[    1.808815] e1000 0000:00:03.0 eth0: Intel(R) PRO/1000 Network Connection
[    2.238627] e1000 0000:00:08.0 eth1: (PCI:33MHz:32-bit) 08:00:27:98:90:58
[    2.241435] e1000 0000:00:08.0 eth1: Intel(R) PRO/1000 Network Connection
[    2.244761] e1000 0000:00:03.0 enp0s3: renamed from eth0
[    2.247086] mptbase: ioc0: Initiating bringup
[    2.256796] e1000 0000:00:08.0 enp0s8: renamed from eth1
[    2.312245] ioc0: LSI53C1030 A0: Capabilities={Initiator}
[    2.479136] scsi host2: ioc0: LSI53C1030 A0, FwRev=00000000h, Ports=1, MaxQ=256, IRQ=20
[    2.597438] scsi 2:0:0:0: Direct-Access     VBOX     HARDDISK         1.0  PQ: 0 ANSI: 5
[    2.600248] scsi target2:0:0: Beginning Domain Validation
[    2.602885] scsi target2:0:0: Domain Validation skipping write tests
[    2.604701] scsi target2:0:0: Ending Domain Validation
[    2.606345] scsi target2:0:0: asynchronous
[    2.607983] scsi 2:0:1:0: Direct-Access     VBOX     HARDDISK         1.0  PQ: 0 ANSI: 5
[    2.619746] scsi target2:0:1: Beginning Domain Validation
[    2.622314] scsi target2:0:1: Domain Validation skipping write tests
[    2.623878] scsi target2:0:1: Ending Domain Validation
[    2.625633] scsi target2:0:1: asynchronous
[    2.632736] sd 2:0:0:0: [sda] 20971520 512-byte logical blocks: (10.7 GB/10.0 GiB)
[    2.632953] sd 2:0:0:0: Attached scsi generic sg0 type 0
[    2.633483] sd 2:0:1:0: Attached scsi generic sg1 type 0
[    2.633563] sd 2:0:1:0: [sdb] 20480 512-byte logical blocks: (10.5 MB/10.0 MiB)
[    2.633840] sd 2:0:1:0: [sdb] Write Protect is off
[    2.633971] sd 2:0:1:0: [sdb] Incomplete mode parameter data
[    2.633972] sd 2:0:1:0: [sdb] Assuming drive cache: write through
[    2.637018] sd 2:0:1:0: [sdb] Attached SCSI disk
[    2.648680] sd 2:0:0:0: [sda] Write Protect is off
[    2.650369] sd 2:0:0:0: [sda] Incomplete mode parameter data
[    2.652088] sd 2:0:0:0: [sda] Assuming drive cache: write through
[    2.656279]  sda: sda1
[    2.658517] sd 2:0:0:0: [sda] Attached SCSI disk
Begin: Loading essential drivers ... [    3.996634] md: linear personality registered for level -1
[    4.001606] md: multipath personality registered for level -4
[    4.005837] md: raid0 personality registered for level 0
[    4.011461] md: raid1 personality registered for level 1
[    4.085956] raid6: sse2x1   gen()  9901 MB/s
[    4.157338] raid6: sse2x1   xor()  7534 MB/s
[    4.223666] raid6: sse2x2   gen() 12506 MB/s
[    4.291684] raid6: sse2x2   xor()  8620 MB/s
[    4.359676] raid6: sse2x4   gen() 13702 MB/s
[    4.428116] raid6: sse2x4   xor()  6046 MB/s
[    4.495902] raid6: avx2x1   gen() 11978 MB/s
[    4.563719] raid6: avx2x2   gen() 23064 MB/s
[    4.634127] raid6: avx2x4   gen() 26566 MB/s
[    4.635902] raid6: using algorithm avx2x4 gen() 26566 MB/s
[    4.637449] raid6: using avx2x2 recovery algorithm
[    4.640229] xor: automatically using best checksumming function:
[    4.679853]    avx       : 23678.000 MB/sec
[    4.683131] async_tx: api initialized (async)
[    4.697900] md: raid6 personality registered for level 6
[    4.699645] md: raid5 personality registered for level 5
[    4.701454] md: raid4 personality registered for level 4
[    4.710042] md: raid10 personality registered for level 10
done.
Begin: Running /scripts/init-premount ... done.
Begin: Mounting root file system ... Begin: Running /scripts/local-top ... done.
Begin: Running /scripts/local-premount ... [    4.745041] Btrfs loaded
Scanning for Btrfs filesystems
done.
Warning: fsck not present, so skipping root file system
[    4.776854] EXT4-fs (sda1): mounted filesystem with ordered data mode. Opts: (null)
done.
Begin: Running /scripts/local-bottom ... done.
Begin: Running /scripts/init-bottom ... done.
[    4.905787] systemd[1]: systemd 229 running in system mode. (+PAM +AUDIT +SELINUX +IMA +APPARMOR +SMACK +SYSVINIT +UTMP +LIBCRYPTSETUP +GCRYPT +GNUTLS +ACL +XZ -LZ4 +SECCOMP +BLKID +ELFUTILS +KMOD -IDN)
[    4.910424] systemd[1]: Detected virtualization oracle.
[    4.912366] systemd[1]: Detected architecture x86-64.

Welcome to [1mUbuntu 16.04.7 LTS[0m!

[    5.017707] systemd[1]: Set hostname to <ubuntu>.
[    5.023097] systemd[1]: Initializing machine ID from random generator.
[    5.025078] systemd[1]: Installed transient /etc/machine-id file.
[    5.305075] systemd[1]: Listening on Journal Socket.
[[0;32m  OK  [0m] Listening on Journal Socket.
[    5.307782] systemd[1]: Reached target User and Group Name Lookups.
[[0;32m  OK  [0m] Reached target User and Group Name Lookups.
[    5.310949] systemd[1]: Listening on udev Kernel Socket.
[[0;32m  OK  [0m] Listening on udev Kernel Socket.
[    5.313667] systemd[1]: Listening on Device-mapper event daemon FIFOs.
[[0;32m  OK  [0m] Listening on Device-mapper event daemon FIFOs.
[    5.316820] systemd[1]: Listening on Journal Socket (/dev/log).
[[0;32m  OK  [0m] Listening on Journal Socket (/dev/log).
[    5.319855] systemd[1]: Set up automount Arbitrary Executable File Formats File System Automount Point.
[[0;32m  OK  [0m] Set up automount Arbitrary Executab...ats File System Automount Point.
[    5.324157] systemd[1]: Reached target Encrypted Volumes.
[[0;32m  OK  [0m] Reached target Encrypted Volumes.
[    5.326857] systemd[1]: Reached target System Time Synchronized.
[[0;32m  OK  [0m] Reached target System Time Synchronized.
[    5.329807] systemd[1]: Reached target Swap.
[[0;32m  OK  [0m] Reached target Swap.
[    5.332408] systemd[1]: Created slice System Slice.
[[0;32m  OK  [0m] Created slice System Slice.
[    6.052302] systemd[1]: Mounting POSIX Message Queue File System...
         Mounting POSIX Message Queue File System...
[    6.065319] systemd[1]: Mounting Debug File System...
         Mounting Debug File System...
[    6.070550] systemd[1]: Starting Create list of required static device nodes for the current kernel...
         Starting Create list of required st... nodes for the current kernel...
[    6.076071] systemd[1]: Created slice system-serial\x2dgetty.slice.
[[0;32m  OK  [0m] Created slice system-serial\x2dgetty.slice.
[    6.080602] systemd[1]: Starting Remount Root and Kernel File Systems...
         Starting Remount Root and Kernel File Systems...
[    6.085129] systemd[1]: Starting Uncomplicated firewall...

    6.087235] EXT4-fs (sda1): re-mounted. Opts: (null)
         Starting Uncomplicated firewall...
[    6.091601] systemd[1]: Mounting Huge Pages File System...
         Mounting Huge Pages File System...
[    6.095008] systemd[1]: Listening on Syslog Socket.
[[0;32m  OK  [0m] Listening on Syslog Socket.
[    6.105279] systemd[1]: Created slice User and Session Slice.
[[0;32m  OK  [0m] Created slice User and Session Slice.
[    6.116024] systemd[1]: Reached target Slices.
[[0;32m  OK  [0m] Reached target Slices.
[    6.119244] systemd[1]: Listening on udev Control Socket.
[[0;32m  OK  [0m] Listening on udev Control Socket.
[    6.121957] systemd[1]: Listening on LVM2 metadata daemon socket.
[[0;32m  OK  [0m] Listening on LVM2 metadata daemon socket.
[    6.136594] systemd[1]: Starting Monitoring of LVM2 mirrors, snapshots etc. using dmeventd or progress polling...
         Starting Monitoring of LVM2 mirrors... dmeventd or progress polling...
[    6.142778] systemd[1]: Listening on LVM2 poll daemon socket.
[[0;32m  OK  [0m] Listening on LVM2 poll daemon socket.
[    6.153016] systemd[1]: Starting Nameserver information manager...
         Starting Nameserver information manager...
[    6.156435] systemd[1]: Started Trigger resolvconf update for networkd DNS.
[[0;32m  OK  [0m] Started Trigger resolvconf update for networkd DNS.
[    6.163300] systemd[1]: Starting Set console keymap...
         Starting Set console keymap...
[    6.166971] systemd[1]: Started Forward Password Requests to Wall Directory Watch.
[[0;32m  OK  [0m] Started Forward Password Requests to Wall Directory Watch.
[    6.180366] systemd[1]: Listening on /dev/initctl Compatibility Named Pipe.
[[0;32m  OK  [0m] Listening on /dev/initctl Compatibility Named Pipe.
[    6.184100] systemd[1]: Listening on Journal Audit Socket.
[[0;32m  OK  [0m] Listening on Journal Audit Socket.
[    6.207993] systemd[1]: Starting Journal Service...
         Starting Journal Service...
[    6.214387] systemd[1]: Starting Load Kernel Modules...
         Starting Load Kernel Modules...
[    6.219326] systemd[1]: Mounted Debug File System.
[[0;32m  OK  [0m] Mounted Debug File System.
[    6.223360] systemd[1]: Mounted Huge Pages File System.
[[0;32m  OK  [0m] Mounted Huge Pages File System.
[    6.229447] systemd[1]: Mounted POSIX Message Queue File System.
[    6.231631] Loading iSCSI transport class v2.0-870.
[[0;32m  OK  [0m] Mounted POSIX Message Queue File System.
[    6.234821] systemd[1]: Started Create list of required static device nodes for the current kernel.
[[0;32m  OK  [0m] Started Create list of required sta...ce nodes for the current kernel.
[    6.241948] systemd[1]: Started Remount Root and Kernel File Systems.
[    6.243907] iscsi: registered transport (tcp)
[[0;32m  OK  [0m] Started Remount Root and Kernel File Systems.
[    6.246748] systemd[1]: Started Uncomplicated firewall.
[[0;32m  OK  [0m] Started Uncomplicated firewall.
[    6.260548] systemd[1]: Started Set console keymap.
[[0;32m  OK  [0m] Started Set console keymap.
[    6.267827] systemd[1]: Started Journal Service.
[[0;32m  OK  [0m] Started Journal Service.
[[0;32m  OK  [0m] Started Nameserver information manager.
[[0;32m  OK  [0m] Started LVM2 metadata daemon.
         Starting Flush Journal to Persistent Storage...
         Starting udev Coldplug all Devices...
         Starting Load/Save Random Seed...
         Starting Create Static Device Nodes in /dev...
[    6.293008] random: nonblocking pool is initialized
[    6.294588] systemd-journald[398]: Received request to flush runtime journal from PID 1
[[0;32m  OK  [0m] Started Flush Journal to Persistent Storage.
[[0;32m  OK  [0m] Started Load/Save Random Seed.
[    6.321359] iscsi: registered transport (iser)
[[0;32m  OK  [0m] Started Load Kernel Modules.
         Starting Apply Kernel Variables...
         Mounting FUSE Control File System...
[[0;32m  OK  [0m] Mounted FUSE Control File System.
[[0;32m  OK  [0m] Started Apply Kernel Variables.
[[0;32m  OK  [0m] Started Create Static Device Nodes in /dev.
         Starting udev Kernel Device Manager...
[[0;32m  OK  [0m] Started udev Coldplug all Devices.
[[0;32m  OK  [0m] Started udev Kernel Device Manager.
[[0;32m  OK  [0m] Started Dispatch Password Requests to Console Directory Watch.
[[0;32m  OK  [0m] Started Monitoring of LVM2 mirrors,...ng dmeventd or progress polling.
[[0;32m  OK  [0m] Reached target Local File Systems (Pre).
[[0;32m  OK  [0m] Reached target Local File Systems.
         Starting Create Volatile Files and Directories...
         Starting Set console font and keymap...
         Starting Tell Plymouth To Write Out Runtime Data...
         Starting LSB: AppArmor initialization...
         Starting Initial cloud-init job (pre-networking)...
         Starting Commit a transient machine-id on disk...
[[0;32m  OK  [0m] Started Create Volatile Files and Directories.
[[0;32m  OK  [0m] Started Tell Plymouth To Write Out Runtime Data.
         Starting Update UTMP about System Boot/Shutdown...
[[0;32m  OK  [0m] Started Commit a transient machine-id on disk.
[[0;32m  OK  [0m] Started Update UTMP about System Boot/Shutdown.
[[0;32m  OK  [0m] Found device /dev/ttyS0.
[[0;32m  OK  [0m] Listening on Load/Save RF Kill Switch Status /dev/rfkill Watch.
[[0;32m  OK  [0m] Started LSB: AppArmor initialization.
         Starting Load AppArmor profiles managed internally by snapd...
[    7.846950] cloud-init[505]: Cloud-init v. 20.2-45-g5f7825e2-0ubuntu1~16.04.1 running 'init-local' at Mon, 10 Aug 2020 04:50:31 +0000. Up 7.33 seconds.
[[0;32m  OK  [0m] Started Load AppArmor profiles managed internally by snapd.
[[0;32m  OK  [0m] Started Initial cloud-init job (pre-networking).
[[0;32m  OK  [0m] Reached target Network (Pre).
         Starting Raise network interfaces...
[[0;32m  OK  [0m] Started Set console font and keymap.
[[0;32m  OK  [0m] Created slice system-getty.slice.
[[0;32m  OK  [0m] Started Raise network interfaces.
         Starting Initial cloud-init job (metadata service crawler)...
[[0;32m  OK  [0m] Reached target Network.
[    9.226485] cloud-init[966]: Cloud-init v. 20.2-45-g5f7825e2-0ubuntu1~16.04.1 running 'init' at Mon, 10 Aug 2020 04:50:33 +0000. Up 8.65 seconds.
[    9.230249] cloud-init[966]: ci-info: ++++++++++++++++++++++++++++++++++++++Net device info+++++++++++++++++++++++++++++++++++++++
[    9.232898] cloud-init[966]: ci-info: +--------+-------+----------------------------+---------------+--------+-------------------+
[    9.235683] cloud-init[966]: ci-info: | Device |   Up  |          Address           |      Mask     | Scope  |     Hw-Address    |
[    9.238516] cloud-init[966]: ci-info: +--------+-------+----------------------------+---------------+--------+-------------------+
[    9.241021] cloud-init[966]: ci-info: | enp0s3 |  True |         10.0.2.15          | 255.255.255.0 | global | 02:7c:b9:63:ef:0c |
[    9.243869] cloud-init[966]: ci-info: | enp0s3 |  True | fe80::7c:b9ff:fe63:ef0c/64 |       .       |  link  | 02:7c:b9:63:ef:0c |
[    9.246877] cloud-init[966]: ci-info: | enp0s8 | False |             .              |       .       |   .    | 08:00:27:98:90:58 |
[    9.250035] cloud-init[966]: ci-info: |   lo   |  True |         127.0.0.1          |   255.0.0.0   |  host  |         .         |
[    9.260940] cloud-init[966]: ci-info: |   lo   |  True |          ::1/128           |       .       |  host  |         .         |
[    9.263131] cloud-init[966]: ci-info: +--------+-------+----------------------------+---------------+--------+-------------------+
[    9.265029] cloud-init[966]: ci-info: +++++++++++++++++++++++++++Route IPv4 info++++++++++++++++++++++++++++
[    9.267128] cloud-init[966]: ci-info: +-------+-------------+----------+---------------+-----------+-------+
[    9.270005] cloud-init[966]: ci-info: | Route | Destination | Gateway  |    Genmask    | Interface | Flags |
[    9.273314] cloud-init[966]: ci-info: +-------+-------------+----------+---------------+-----------+-------+
[    9.275516] cloud-init[966]: ci-info: |   0   |   0.0.0.0   | 10.0.2.2 |    0.0.0.0    |   enp0s3  |   UG  |
[    9.278116] cloud-init[966]: ci-info: |   1   |   10.0.2.0  | 0.0.0.0  | 255.255.255.0 |   enp0s3  |   U   |
[    9.280908] cloud-init[966]: ci-info: +-------+-------------+----------+---------------+-----------+-------+
[    9.283760] cloud-init[966]: ci-info: +++++++++++++++++++Route IPv6 info+++++++++++++++++++
[    9.285629] cloud-init[966]: ci-info: +-------+-------------+---------+-----------+-------+
[    9.287517] cloud-init[966]: ci-info: | Route | Destination | Gateway | Interface | Flags |
[    9.290266] cloud-init[966]: ci-info: +-------+-------------+---------+-----------+-------+
[    9.292886] cloud-init[966]: ci-info: |   0   |  fe80::/64  |    ::   |   enp0s3  |   U   |
[    9.295191] cloud-init[966]: ci-info: |   3   |   ff00::/8  |    ::   |   enp0s3  |   U   |
[    9.297538] cloud-init[966]: ci-info: +-------+-------------+---------+-----------+-------+
[    9.299692] cloud-init[966]: Generating public/private rsa key pair.
[    9.301340] cloud-init[966]: Your identification has been saved in /etc/ssh/ssh_host_rsa_key.
[    9.303354] cloud-init[966]: Your public key has been saved in /etc/ssh/ssh_host_rsa_key.pub.
[    9.306015] cloud-init[966]: The key fingerprint is:
[    9.307442] cloud-init[966]: SHA256:/AzHcY6pVVlMuAzK0h4l97q0krcPyRe50jH91p+uQFg root@ubuntu-xenial
[    9.310223] cloud-init[966]: The key's randomart image is:
[    9.311941] cloud-init[966]: +---[RSA 2048]----+
[    9.313285] cloud-init[966]: |             +o  |
[    9.315533] cloud-init[966]: |        . + .o.  |
[    9.316991] cloud-init[966]: |       o =.E+.   |
[    9.318570] cloud-init[966]: |      ..=.oB+o   |
[    9.320163] cloud-init[966]: |       oSo*o* .  |
[    9.321565] cloud-init[966]: |        .O+o = ..|
[    9.322924] cloud-init[966]: |        .oB++   +|
[    9.324404] cloud-init[966]: |        o ++.  .o|
[    9.325665] cloud-init[966]: |         o.o..oo.|
[    9.327110] cloud-init[966]: +----[SHA256]-----+
[    9.328355] cloud-init[966]: Generating public/private dsa key pair.
[    9.329894] cloud-init[966]: Your identification has been saved in /etc/ssh/ssh_host_dsa_key.
[    9.332140] cloud-init[966]: Your public key has been saved in /etc/ssh/ssh_host_dsa_key.pub.
[    9.334686] cloud-init[966]: The key fingerprint is:
[    9.336155] cloud-init[966]: SHA256:UAdqsbZBWi/Klangx3x/OAgX6KmULgcyqchsiDJQjYI root@ubuntu-xenial
[    9.338634] cloud-init[966]: The key's randomart image is:
[    9.339925] cloud-init[966]: +---[DSA 1024]----+
[    9.340887] cloud-init[966]: |      + o..      |
[    9.342588] cloud-init[966]: |.  o = O .       |
[    9.343863] cloud-init[966]: |E + + & .        |
[    9.344847] cloud-init[966]: | = B B *         |
[    9.346040] cloud-init[966]: |* + @ + S        |
[    9.347863] cloud-init[966]: |X= o + o .       |
[    9.348812] cloud-init[966]: |O++   . + .      |
[    9.350473] cloud-init[966]: |o+       o       |
[    9.352663] cloud-init[966]: |                 |
[    9.354160] cloud-init[966]: +----[SHA256]-----+
[    9.356495] cloud-init[966]: Generating public/private ecdsa key pair.
[    9.358143] cloud-init[966]: Your identification has been saved in /etc/ssh/ssh_host_ecdsa_key.
[    9.359894] cloud-init[966]: Your public key has been saved in /etc/ssh/ssh_host_ecdsa_key.pub.
[    9.362724] cloud-init[966]: The key fingerprint is:
[    9.364248] cloud-init[966]: SHA256:1X/6faPAws9kxc5uhX4Q4dKeBp/N7rNB/IRpefHIrPs root@ubuntu-xenial
[    9.366962] cloud-init[966]: The key's randomart image is:
[    9.380824] [[0;32m  OK  [0m] Started Initial cloud-init job (metadata service crawler).
[[0;32m  OK  [0m] Reached target Network is Online.
cloud-init[966]: +---[ECDSA 256]---+
         Starting iSCSI initiator daemon (iscsid)...
[[0;32m  OK  [0m] Reached target Cloud-config availability.
[[0;32m  OK  [0m] Reached target System Initialization.
[[0;32m  OK  [0m] Started Daily apt download activities.
         Starting Socket activation for snappy daemon.
[[0;32m  OK  [0m] Listening on UUID daemon activation socket.
[    9.392928] cloud-init[966]: [[0;32m  OK  [0m] Started ACPI Events Check.
[[0;32m  OK  [0m] Reached target Paths.
[[0;32m  OK  [0m] Listening on D-Bus System Message Bus Socket.
[[0;32m  OK  [0m] Started Daily apt upgrade and clean activities.
|                 |
[[0;32m  OK  [0m] Started Daily Cleanup of Temporary Directories.
[    9.414281] cloud-init[966]:          Starting LXD - unix socket.
[[0;32m  OK  [0m] Started Message of the Day.
[[0;32m  OK  [0m] Reached target Timers.
[[0;32m  OK  [0m] Listening on ACPID Listen Socket.
[[0;32m  OK  [0m] Listening on Socket activation for snappy daemon.
[[0;32m  OK  [0m] Listening on LXD - unix socket.
[[0;32m  OK  [0m] Reached target Sockets.
[[0;32m  OK  [0m] Reached target Basic System.
         Starting LXD - container startup/shutdown...
[[0;32m  OK  [0m] Started D-Bus System Message Bus.
|           . .   |
[    9.436376] cloud-init[966]: |          . + .. |
[    9.439413] cloud-init[966]: |         . o.B.=o|
[    9.445168] cloud-init[966]: |        S   =o^o=|
[    9.448443] cloud-init[966]: |        . . +@.O.|
[    9.450904] cloud-init[966]: |         o =+o=..|
[    9.453130] cloud-init[966]: |          * o+ *+|
[    9.454617] cloud-init[966]: |           oo+EoB|
[    9.455967] cloud-init[966]: +----[SHA256]-----+
[    9.457669] cloud-init[966]: Generating public/private ed25519 key pair.
[    9.459641] cloud-init[966]: Your identification has been saved in /etc/ssh/ssh_host_ed25519_key.
[    9.462592] cloud-init[966]: Your public key has been saved in /etc/ssh/ssh_host_ed25519_key.pub.
[    9.464993] cloud-init[966]: The key fingerprint is:
[    9.466814] cloud-init[966]: SHA256:YXMSCxl9hIxQtzfBKxNOe6pbgZnqNyKNAy3mh6eqF/k root@ubuntu-xenial
[    9.468750] cloud-init[966]: The key's randomart image is:
[    9.470109] cloud-init[966]: +--[ED25519 256]--+
[    9.471728] cloud-init[966]: |    .o+*o+o      |
[    9.473638] cloud-init[966]: |      oo*+o.     |
[    9.475148] cloud-init[966]: |       oB++.     |
[    9.476959] cloud-init[966]: |       ==*o.     |
[    9.478455] cloud-init[966]: | . .  + S=       |
[    9.479780] cloud-init[966]: |o.+  .  ..       |
[    9.481470] cloud-init[966]: |oo.=.  ..        |
[    9.482870] cloud-init[966]: | o=+E +.         |
[    9.485042] cloud-init[966]: |=o+o.o.o         |
[    9.486520] cloud-init[966]: +----[SHA256]-----+
[[0;32m  OK  [0m] Started ACPI event daemon.
[[0;32m  OK  [0m] Started FUSE filesystem for LXC.
         Starting Virtualbox guest utils...
         Starting LSB: Record successful boot for GRUB...
         Starting System Logging Service...
         Starting Pollinate to seed the pseudo random number generator...
         Starting Accounts Service...
[[0;32m  OK  [0m] Started Deferred execution scheduler.
         Starting LSB: MD monitoring daemon...
         Starting Login Service...
         Starting /etc/rc.local Compatibility...
[[0;32m  OK  [0m] Started Regular background program processing daemon.
         Starting Snap Daemon...
[[0;32m  OK  [0m] Started iSCSI initiator daemon (iscsid).
[[0;32m  OK  [0m] Started /etc/rc.local Compatibility.
         Starting Login to default iSCSI targets...
[[0;32m  OK  [0m] Started System Logging Service.
[[0;32m  OK  [0m] Started Login Service.
[[0;32m  OK  [0m] Started Unattended Upgrades Shutdown.
[[0;32m  OK  [0m] Started LSB: Record successful boot for GRUB.
[[0;32m  OK  [0m] Started LSB: MD monitoring daemon.
         Starting Authenticate and Authorize Users to Run Privileged Tasks...
[[0;32m  OK  [0m] Started Login to default iSCSI targets.
[[0;32m  OK  [0m] Reached target Remote File Systems (Pre).
[[0;32m  OK  [0m] Reached target Remote File Systems.
         Starting LSB: automatic crash report generation...
         Starting LSB: Set the CPU Frequency Scaling governor to "ondemand"...
         Starting LSB: daemon to balance interrupts for SMP systems...
         Starting Permit User Sessions...
[[0;32m  OK  [0m] Started LXD - container startup/shutdown.
[[0;32m  OK  [0m] Started Permit User Sessions.
         Starting Terminate Plymouth Boot Screen...
         Starting Hold until boot process finishes up...
[[0;32m  OK  [0m] Started Terminate Plymouth Boot Screen.
[[0;32m  OK  [0m] Started Hold until boot process finishes up.
[[0;32m  OK  [0m] Started Authenticate and Authorize Users to Run Privileged Tasks.
[[0;32m  OK  [0m] Started Accounts Service.
[[0;32m  OK  [0m] Started Getty on tty1.
         Starting Set console scheme...
[[0;32m  OK  [0m] Started Serial Getty on ttyS0.
[[0;32m  OK  [0m] Reached target Login Prompts.
[[0;32m  OK  [0m] Started Set console scheme.
[[0;32m  OK  [0m] Started LSB: Set the CPU Frequency Scaling governor to "ondemand".
[[0;32m  OK  [0m] Started LSB: daemon to balance interrupts for SMP systems.
[[0;32m  OK  [0m] Started LSB: automatic crash report generation.
[[0;32m  OK  [0m] Started Virtualbox guest utils.
[[0;32m  OK  [0m] Started Snap Daemon.
         Starting Wait until snapd is fully seeded...
[[0;32m  OK  [0m] Started Pollinate to seed the pseudo random number generator.
         Starting OpenBSD Secure Shell server...
[[0;32m  OK  [0m] Started OpenBSD Secure Shell server.
[[0;32m  OK  [0m] Created slice User Slice of vagrant.
         Starting User Manager for UID 1000...
[[0;32m  OK  [0m] Started Session 1 of user vagrant.
[[0;32m  OK  [0m] Started User Manager for UID 1000.
[[0;32m  OK  [0m] Started Session 2 of user vagrant.

Ubuntu 16.04.7 LTS server2 ttyS0

server2 login: [   20.083057] cloud-init[2094]: Generating locales (this might take a while)...
[   20.884414] cloud-init[2094]:   en_US.UTF-8... done
[   20.884813] cloud-init[2094]: Generation complete.
[   21.198649] cloud-init[2094]: Cloud-init v. 20.2-45-g5f7825e2-0ubuntu1~16.04.1 running 'modules:config' at Mon, 10 Aug 2020 04:50:44 +0000. Up 19.96 seconds.
ci-info: no authorized SSH keys fingerprints found for user ubuntu.
<14>Aug 10 04:50:46 ec2: 
<14>Aug 10 04:50:46 ec2: #############################################################
<14>Aug 10 04:50:46 ec2: -----BEGIN SSH HOST KEY FINGERPRINTS-----
<14>Aug 10 04:50:46 ec2: 1024 SHA256:UAdqsbZBWi/Klangx3x/OAgX6KmULgcyqchsiDJQjYI root@ubuntu-xenial (DSA)
<14>Aug 10 04:50:46 ec2: 256 SHA256:1X/6faPAws9kxc5uhX4Q4dKeBp/N7rNB/IRpefHIrPs root@ubuntu-xenial (ECDSA)
<14>Aug 10 04:50:46 ec2: 256 SHA256:YXMSCxl9hIxQtzfBKxNOe6pbgZnqNyKNAy3mh6eqF/k root@ubuntu-xenial (ED25519)
<14>Aug 10 04:50:46 ec2: 2048 SHA256:/AzHcY6pVVlMuAzK0h4l97q0krcPyRe50jH91p+uQFg root@ubuntu-xenial (RSA)
<14>Aug 10 04:50:46 ec2: -----END SSH HOST KEY FINGERPRINTS-----
<14>Aug 10 04:50:46 ec2: #############################################################
-----BEGIN SSH HOST KEY KEYS-----
ecdsa-sha2-nistp256 AAAAE2VjZHNhLXNoYTItbmlzdHAyNTYAAAAIbmlzdHAyNTYAAABBBAUeQnwKUwKvvs1ixA1FpqaI4pIih8VXVjcZvB7vycoPnQRLOo598/aKRgdOVSMrshUEOnk5sixz2J1veqJ25hc= root@ubuntu-xenial
ssh-ed25519 AAAAC3NzaC1lZDI1NTE5AAAAIA4N7L3t5C4MIhrpRjDeXJXj+wt5AfbjkMQqs1DELG3n root@ubuntu-xenial
ssh-rsa AAAAB3NzaC1yc2EAAAADAQABAAABAQCr/gIuRsW1eWjCpjrD1Fk8NFoNl55HXAH8k3Zb3cLoUttW6bnum7TWGe+nxNwv0VsC6cqLAQFRFAdUckF6SK7weHlVAx9OEIwjR1rVwHUubvdxmaINPDJhOpBj0EkzzHG9Z4oi7CiPQOiAQ0DwWDKe88WXG882MwkDTduzdo3nI6gnFUNbDtGg1Q3h9qzfpRS/N1P9/iJnue9+6WJpMHUdEzTZpV/JPpCeuutEWm1H5BZOoU4cWX/ygTKtChxcEUxe2E3hw5dzCWVUDCOylnZ1Mh6cQUZXoMQagzGv87SYR4fItHGJr9RihQrwKaoZeStiQFk4EPs++rHn6hx1JkCD root@ubuntu-xenial
-----END SSH HOST KEY KEYS-----
[   21.623341] cloud-init[2182]: Cloud-init v. 20.2-45-g5f7825e2-0ubuntu1~16.04.1 running 'modules:final' at Mon, 10 Aug 2020 04:50:46 +0000. Up 21.48 seconds.
[   21.624892] cloud-init[2182]: ci-info: no authorized SSH keys fingerprints found for user ubuntu.
[   21.625993] cloud-init[2182]: Cloud-init v. 20.2-45-g5f7825e2-0ubuntu1~16.04.1 finished at Mon, 10 Aug 2020 04:50:46 +0000. Datasource DataSourceNoCloud [seed=/dev/sdb][dsmode=net].  Up 21.61 seconds
